<?xml version="1.0" encoding="UTF-8"?>
<testsuite xmlns:xsi="http://www.w3.org/2001/XMLSchema-instance" xsi:noNamespaceSchemaLocation="https://maven.apache.org/surefire/maven-surefire-plugin/xsd/surefire-test-report.xsd" name="com.example.demo.DemoApplicationsTests" time="183.383" tests="1" errors="0" skipped="0" failures="0">
  <properties>
    <property name="sun.desktop" value="gnome"/>
    <property name="awt.toolkit" value="sun.awt.X11.XToolkit"/>
    <property name="java.specification.version" value="11"/>
    <property name="sun.cpu.isalist" value=""/>
    <property name="sun.jnu.encoding" value="UTF-8"/>
    <property name="java.class.path" value="/home/janderson/colombo/others-projects/jdbi-benchmark/jdbc/target/test-classes:/home/janderson/colombo/others-projects/jdbi-benchmark/jdbc/target/classes:/home/janderson/.m2/repository/org/springframework/boot/spring-boot-devtools/2.1.8.RELEASE/spring-boot-devtools-2.1.8.RELEASE.jar:/home/janderson/.m2/repository/org/springframework/boot/spring-boot/2.1.8.RELEASE/spring-boot-2.1.8.RELEASE.jar:/home/janderson/.m2/repository/org/springframework/spring-context/5.1.9.RELEASE/spring-context-5.1.9.RELEASE.jar:/home/janderson/.m2/repository/org/springframework/spring-aop/5.1.9.RELEASE/spring-aop-5.1.9.RELEASE.jar:/home/janderson/.m2/repository/org/springframework/spring-expression/5.1.9.RELEASE/spring-expression-5.1.9.RELEASE.jar:/home/janderson/.m2/repository/org/springframework/boot/spring-boot-autoconfigure/2.1.8.RELEASE/spring-boot-autoconfigure-2.1.8.RELEASE.jar:/home/janderson/.m2/repository/org/projectlombok/lombok/1.18.8/lombok-1.18.8.jar:/home/janderson/.m2/repository/org/springframework/boot/spring-boot-starter-test/2.1.8.RELEASE/spring-boot-starter-test-2.1.8.RELEASE.jar:/home/janderson/.m2/repository/org/springframework/boot/spring-boot-starter/2.1.8.RELEASE/spring-boot-starter-2.1.8.RELEASE.jar:/home/janderson/.m2/repository/org/springframework/boot/spring-boot-starter-logging/2.1.8.RELEASE/spring-boot-starter-logging-2.1.8.RELEASE.jar:/home/janderson/.m2/repository/ch/qos/logback/logback-classic/1.2.3/logback-classic-1.2.3.jar:/home/janderson/.m2/repository/ch/qos/logback/logback-core/1.2.3/logback-core-1.2.3.jar:/home/janderson/.m2/repository/org/apache/logging/log4j/log4j-to-slf4j/2.11.2/log4j-to-slf4j-2.11.2.jar:/home/janderson/.m2/repository/org/apache/logging/log4j/log4j-api/2.11.2/log4j-api-2.11.2.jar:/home/janderson/.m2/repository/org/slf4j/jul-to-slf4j/1.7.28/jul-to-slf4j-1.7.28.jar:/home/janderson/.m2/repository/javax/annotation/javax.annotation-api/1.3.2/javax.annotation-api-1.3.2.jar:/home/janderson/.m2/repository/org/yaml/snakeyaml/1.23/snakeyaml-1.23.jar:/home/janderson/.m2/repository/org/springframework/boot/spring-boot-test/2.1.8.RELEASE/spring-boot-test-2.1.8.RELEASE.jar:/home/janderson/.m2/repository/org/springframework/boot/spring-boot-test-autoconfigure/2.1.8.RELEASE/spring-boot-test-autoconfigure-2.1.8.RELEASE.jar:/home/janderson/.m2/repository/com/jayway/jsonpath/json-path/2.4.0/json-path-2.4.0.jar:/home/janderson/.m2/repository/net/minidev/json-smart/2.3/json-smart-2.3.jar:/home/janderson/.m2/repository/net/minidev/accessors-smart/1.2/accessors-smart-1.2.jar:/home/janderson/.m2/repository/org/ow2/asm/asm/5.0.4/asm-5.0.4.jar:/home/janderson/.m2/repository/org/slf4j/slf4j-api/1.7.28/slf4j-api-1.7.28.jar:/home/janderson/.m2/repository/junit/junit/4.12/junit-4.12.jar:/home/janderson/.m2/repository/org/assertj/assertj-core/3.11.1/assertj-core-3.11.1.jar:/home/janderson/.m2/repository/org/mockito/mockito-core/2.23.4/mockito-core-2.23.4.jar:/home/janderson/.m2/repository/net/bytebuddy/byte-buddy/1.9.16/byte-buddy-1.9.16.jar:/home/janderson/.m2/repository/net/bytebuddy/byte-buddy-agent/1.9.16/byte-buddy-agent-1.9.16.jar:/home/janderson/.m2/repository/org/objenesis/objenesis/2.6/objenesis-2.6.jar:/home/janderson/.m2/repository/org/hamcrest/hamcrest-core/1.3/hamcrest-core-1.3.jar:/home/janderson/.m2/repository/org/hamcrest/hamcrest-library/1.3/hamcrest-library-1.3.jar:/home/janderson/.m2/repository/org/skyscreamer/jsonassert/1.5.0/jsonassert-1.5.0.jar:/home/janderson/.m2/repository/com/vaadin/external/google/android-json/0.0.20131108.vaadin1/android-json-0.0.20131108.vaadin1.jar:/home/janderson/.m2/repository/org/springframework/spring-core/5.1.9.RELEASE/spring-core-5.1.9.RELEASE.jar:/home/janderson/.m2/repository/org/springframework/spring-jcl/5.1.9.RELEASE/spring-jcl-5.1.9.RELEASE.jar:/home/janderson/.m2/repository/org/springframework/spring-test/5.1.9.RELEASE/spring-test-5.1.9.RELEASE.jar:/home/janderson/.m2/repository/org/xmlunit/xmlunit-core/2.6.3/xmlunit-core-2.6.3.jar:/home/janderson/.m2/repository/javax/xml/bind/jaxb-api/2.3.1/jaxb-api-2.3.1.jar:/home/janderson/.m2/repository/javax/activation/javax.activation-api/1.2.0/javax.activation-api-1.2.0.jar:/home/janderson/.m2/repository/org/springframework/boot/spring-boot-starter-jdbc/2.1.8.RELEASE/spring-boot-starter-jdbc-2.1.8.RELEASE.jar:/home/janderson/.m2/repository/com/zaxxer/HikariCP/3.2.0/HikariCP-3.2.0.jar:/home/janderson/.m2/repository/org/springframework/spring-jdbc/5.1.9.RELEASE/spring-jdbc-5.1.9.RELEASE.jar:/home/janderson/.m2/repository/org/springframework/spring-beans/5.1.9.RELEASE/spring-beans-5.1.9.RELEASE.jar:/home/janderson/.m2/repository/org/springframework/spring-tx/5.1.9.RELEASE/spring-tx-5.1.9.RELEASE.jar:/home/janderson/.m2/repository/org/postgresql/postgresql/42.2.7/postgresql-42.2.7.jar:/home/janderson/.m2/repository/org/openjdk/jmh/jmh-core/1.22/jmh-core-1.22.jar:/home/janderson/.m2/repository/net/sf/jopt-simple/jopt-simple/4.6/jopt-simple-4.6.jar:/home/janderson/.m2/repository/org/apache/commons/commons-math3/3.2/commons-math3-3.2.jar:/home/janderson/.m2/repository/org/openjdk/jmh/jmh-generator-annprocess/1.22/jmh-generator-annprocess-1.22.jar:"/>
    <property name="java.vm.vendor" value="Ubuntu"/>
    <property name="sun.arch.data.model" value="64"/>
    <property name="java.vendor.url" value="https://ubuntu.com/"/>
    <property name="user.timezone" value=""/>
    <property name="java.vm.specification.version" value="11"/>
    <property name="os.name" value="Linux"/>
    <property name="sun.java.launcher" value="SUN_STANDARD"/>
    <property name="user.country" value="BR"/>
    <property name="sun.boot.library.path" value="/usr/lib/jvm/java-11-openjdk-amd64/lib"/>
    <property name="sun.java.command" value="/home/janderson/colombo/others-projects/jdbi-benchmark/jdbc/target/surefire/surefirebooter6208168671341218362.jar /home/janderson/colombo/others-projects/jdbi-benchmark/jdbc/target/surefire 2020-08-18T23-29-31_918-jvmRun1 surefire18362298007184370529tmp surefire_015681551826478640772tmp"/>
    <property name="jdk.debug" value="release"/>
    <property name="surefire.test.class.path" value="/home/janderson/colombo/others-projects/jdbi-benchmark/jdbc/target/test-classes:/home/janderson/colombo/others-projects/jdbi-benchmark/jdbc/target/classes:/home/janderson/.m2/repository/org/springframework/boot/spring-boot-devtools/2.1.8.RELEASE/spring-boot-devtools-2.1.8.RELEASE.jar:/home/janderson/.m2/repository/org/springframework/boot/spring-boot/2.1.8.RELEASE/spring-boot-2.1.8.RELEASE.jar:/home/janderson/.m2/repository/org/springframework/spring-context/5.1.9.RELEASE/spring-context-5.1.9.RELEASE.jar:/home/janderson/.m2/repository/org/springframework/spring-aop/5.1.9.RELEASE/spring-aop-5.1.9.RELEASE.jar:/home/janderson/.m2/repository/org/springframework/spring-expression/5.1.9.RELEASE/spring-expression-5.1.9.RELEASE.jar:/home/janderson/.m2/repository/org/springframework/boot/spring-boot-autoconfigure/2.1.8.RELEASE/spring-boot-autoconfigure-2.1.8.RELEASE.jar:/home/janderson/.m2/repository/org/projectlombok/lombok/1.18.8/lombok-1.18.8.jar:/home/janderson/.m2/repository/org/springframework/boot/spring-boot-starter-test/2.1.8.RELEASE/spring-boot-starter-test-2.1.8.RELEASE.jar:/home/janderson/.m2/repository/org/springframework/boot/spring-boot-starter/2.1.8.RELEASE/spring-boot-starter-2.1.8.RELEASE.jar:/home/janderson/.m2/repository/org/springframework/boot/spring-boot-starter-logging/2.1.8.RELEASE/spring-boot-starter-logging-2.1.8.RELEASE.jar:/home/janderson/.m2/repository/ch/qos/logback/logback-classic/1.2.3/logback-classic-1.2.3.jar:/home/janderson/.m2/repository/ch/qos/logback/logback-core/1.2.3/logback-core-1.2.3.jar:/home/janderson/.m2/repository/org/apache/logging/log4j/log4j-to-slf4j/2.11.2/log4j-to-slf4j-2.11.2.jar:/home/janderson/.m2/repository/org/apache/logging/log4j/log4j-api/2.11.2/log4j-api-2.11.2.jar:/home/janderson/.m2/repository/org/slf4j/jul-to-slf4j/1.7.28/jul-to-slf4j-1.7.28.jar:/home/janderson/.m2/repository/javax/annotation/javax.annotation-api/1.3.2/javax.annotation-api-1.3.2.jar:/home/janderson/.m2/repository/org/yaml/snakeyaml/1.23/snakeyaml-1.23.jar:/home/janderson/.m2/repository/org/springframework/boot/spring-boot-test/2.1.8.RELEASE/spring-boot-test-2.1.8.RELEASE.jar:/home/janderson/.m2/repository/org/springframework/boot/spring-boot-test-autoconfigure/2.1.8.RELEASE/spring-boot-test-autoconfigure-2.1.8.RELEASE.jar:/home/janderson/.m2/repository/com/jayway/jsonpath/json-path/2.4.0/json-path-2.4.0.jar:/home/janderson/.m2/repository/net/minidev/json-smart/2.3/json-smart-2.3.jar:/home/janderson/.m2/repository/net/minidev/accessors-smart/1.2/accessors-smart-1.2.jar:/home/janderson/.m2/repository/org/ow2/asm/asm/5.0.4/asm-5.0.4.jar:/home/janderson/.m2/repository/org/slf4j/slf4j-api/1.7.28/slf4j-api-1.7.28.jar:/home/janderson/.m2/repository/junit/junit/4.12/junit-4.12.jar:/home/janderson/.m2/repository/org/assertj/assertj-core/3.11.1/assertj-core-3.11.1.jar:/home/janderson/.m2/repository/org/mockito/mockito-core/2.23.4/mockito-core-2.23.4.jar:/home/janderson/.m2/repository/net/bytebuddy/byte-buddy/1.9.16/byte-buddy-1.9.16.jar:/home/janderson/.m2/repository/net/bytebuddy/byte-buddy-agent/1.9.16/byte-buddy-agent-1.9.16.jar:/home/janderson/.m2/repository/org/objenesis/objenesis/2.6/objenesis-2.6.jar:/home/janderson/.m2/repository/org/hamcrest/hamcrest-core/1.3/hamcrest-core-1.3.jar:/home/janderson/.m2/repository/org/hamcrest/hamcrest-library/1.3/hamcrest-library-1.3.jar:/home/janderson/.m2/repository/org/skyscreamer/jsonassert/1.5.0/jsonassert-1.5.0.jar:/home/janderson/.m2/repository/com/vaadin/external/google/android-json/0.0.20131108.vaadin1/android-json-0.0.20131108.vaadin1.jar:/home/janderson/.m2/repository/org/springframework/spring-core/5.1.9.RELEASE/spring-core-5.1.9.RELEASE.jar:/home/janderson/.m2/repository/org/springframework/spring-jcl/5.1.9.RELEASE/spring-jcl-5.1.9.RELEASE.jar:/home/janderson/.m2/repository/org/springframework/spring-test/5.1.9.RELEASE/spring-test-5.1.9.RELEASE.jar:/home/janderson/.m2/repository/org/xmlunit/xmlunit-core/2.6.3/xmlunit-core-2.6.3.jar:/home/janderson/.m2/repository/javax/xml/bind/jaxb-api/2.3.1/jaxb-api-2.3.1.jar:/home/janderson/.m2/repository/javax/activation/javax.activation-api/1.2.0/javax.activation-api-1.2.0.jar:/home/janderson/.m2/repository/org/springframework/boot/spring-boot-starter-jdbc/2.1.8.RELEASE/spring-boot-starter-jdbc-2.1.8.RELEASE.jar:/home/janderson/.m2/repository/com/zaxxer/HikariCP/3.2.0/HikariCP-3.2.0.jar:/home/janderson/.m2/repository/org/springframework/spring-jdbc/5.1.9.RELEASE/spring-jdbc-5.1.9.RELEASE.jar:/home/janderson/.m2/repository/org/springframework/spring-beans/5.1.9.RELEASE/spring-beans-5.1.9.RELEASE.jar:/home/janderson/.m2/repository/org/springframework/spring-tx/5.1.9.RELEASE/spring-tx-5.1.9.RELEASE.jar:/home/janderson/.m2/repository/org/postgresql/postgresql/42.2.7/postgresql-42.2.7.jar:/home/janderson/.m2/repository/org/openjdk/jmh/jmh-core/1.22/jmh-core-1.22.jar:/home/janderson/.m2/repository/net/sf/jopt-simple/jopt-simple/4.6/jopt-simple-4.6.jar:/home/janderson/.m2/repository/org/apache/commons/commons-math3/3.2/commons-math3-3.2.jar:/home/janderson/.m2/repository/org/openjdk/jmh/jmh-generator-annprocess/1.22/jmh-generator-annprocess-1.22.jar:"/>
    <property name="sun.cpu.endian" value="little"/>
    <property name="user.home" value="/home/janderson"/>
    <property name="user.language" value="pt"/>
    <property name="java.specification.vendor" value="Oracle Corporation"/>
    <property name="java.version.date" value="2020-07-14"/>
    <property name="java.home" value="/usr/lib/jvm/java-11-openjdk-amd64"/>
    <property name="file.separator" value="/"/>
    <property name="basedir" value="/home/janderson/colombo/others-projects/jdbi-benchmark/jdbc"/>
    <property name="java.vm.compressedOopsMode" value="Zero based"/>
    <property name="line.separator" value="&#10;"/>
    <property name="java.specification.name" value="Java Platform API Specification"/>
    <property name="java.vm.specification.vendor" value="Oracle Corporation"/>
    <property name="java.awt.graphicsenv" value="sun.awt.X11GraphicsEnvironment"/>
    <property name="surefire.real.class.path" value="/home/janderson/colombo/others-projects/jdbi-benchmark/jdbc/target/surefire/surefirebooter6208168671341218362.jar"/>
    <property name="sun.management.compiler" value="HotSpot 64-Bit Tiered Compilers"/>
    <property name="java.runtime.version" value="11.0.8+10-post-Ubuntu-0ubuntu118.04.1"/>
    <property name="user.name" value="janderson"/>
    <property name="path.separator" value=":"/>
    <property name="os.version" value="4.15.0-112-generic"/>
    <property name="java.runtime.name" value="OpenJDK Runtime Environment"/>
    <property name="file.encoding" value="UTF-8"/>
    <property name="java.vm.name" value="OpenJDK 64-Bit Server VM"/>
    <property name="localRepository" value="/home/janderson/.m2/repository"/>
    <property name="java.vendor.url.bug" value="https://bugs.launchpad.net/ubuntu/+source/openjdk-lts"/>
    <property name="java.io.tmpdir" value="/tmp"/>
    <property name="java.version" value="11.0.8"/>
    <property name="user.dir" value="/home/janderson/colombo/others-projects/jdbi-benchmark/jdbc"/>
    <property name="os.arch" value="amd64"/>
    <property name="java.vm.specification.name" value="Java Virtual Machine Specification"/>
    <property name="java.awt.printerjob" value="sun.print.PSPrinterJob"/>
    <property name="sun.os.patch.level" value="unknown"/>
    <property name="java.library.path" value="/usr/java/packages/lib:/usr/lib/x86_64-linux-gnu/jni:/lib/x86_64-linux-gnu:/usr/lib/x86_64-linux-gnu:/usr/lib/jni:/lib:/usr/lib"/>
    <property name="java.vm.info" value="mixed mode, sharing"/>
    <property name="java.vendor" value="Ubuntu"/>
    <property name="java.vm.version" value="11.0.8+10-post-Ubuntu-0ubuntu118.04.1"/>
    <property name="sun.io.unicode.encoding" value="UnicodeLittle"/>
    <property name="java.class.version" value="55.0"/>
  </properties>
  <testcase name="runBenchmarks" classname="com.example.demo.DemoApplicationsTests" time="181.569"/>
</testsuite>